[0.170s] DEBUG:colcon:Command line arguments: ['/usr/bin/colcon', 'build']
[0.170s] DEBUG:colcon:Parsed command line arguments: Namespace(log_base=None, log_level=None, verb_name='build', build_base='build', install_base='install', merge_install=False, symlink_install=False, test_result_base=None, continue_on_error=False, executor='parallel', parallel_workers=8, event_handlers=None, ignore_user_meta=False, metas=['./colcon.meta'], base_paths=['.'], packages_ignore=None, packages_ignore_regex=None, paths=None, packages_up_to=None, packages_up_to_regex=None, packages_above=None, packages_above_and_dependencies=None, packages_above_depth=None, packages_select_by_dep=None, packages_skip_by_dep=None, packages_skip_up_to=None, packages_select_build_failed=False, packages_skip_build_finished=False, packages_select_test_failures=False, packages_skip_test_passed=False, packages_select=None, packages_skip=None, packages_select_regex=None, packages_skip_regex=None, packages_start=None, packages_end=None, allow_overriding=[], cmake_args=None, cmake_target=None, cmake_target_skip_unavailable=False, cmake_clean_cache=False, cmake_clean_first=False, cmake_force_configure=False, ament_cmake_args=None, catkin_cmake_args=None, catkin_skip_building_tests=False, verb_parser=<colcon_defaults.argument_parser.defaults.DefaultArgumentsDecorator object at 0x78e514de5ed0>, verb_extension=<colcon_core.verb.build.BuildVerb object at 0x78e514fb34f0>, main=<bound method BuildVerb.main of <colcon_core.verb.build.BuildVerb object at 0x78e514fb34f0>>)
[0.462s] Level 1:colcon.colcon_core.package_discovery:discover_packages(colcon_meta) check parameters
[0.462s] Level 1:colcon.colcon_core.package_discovery:discover_packages(recursive) check parameters
[0.462s] Level 1:colcon.colcon_core.package_discovery:discover_packages(ignore) check parameters
[0.462s] Level 1:colcon.colcon_core.package_discovery:discover_packages(path) check parameters
[0.462s] Level 1:colcon.colcon_core.package_discovery:discover_packages(colcon_meta) discover
[0.462s] Level 1:colcon.colcon_core.package_discovery:discover_packages(recursive) discover
[0.462s] INFO:colcon.colcon_core.package_discovery:Crawling recursively for packages in '/home/vinicius/frtl_2024_ws/src/frtl_2024/frtl_2024_demo'
[0.463s] Level 1:colcon.colcon_core.package_identification:_identify(.) by extensions ['ignore', 'ignore_ament_install']
[0.463s] Level 1:colcon.colcon_core.package_identification:_identify(.) by extension 'ignore'
[0.463s] Level 1:colcon.colcon_core.package_identification:_identify(.) by extension 'ignore_ament_install'
[0.463s] Level 1:colcon.colcon_core.package_identification:_identify(.) by extensions ['colcon_pkg']
[0.463s] Level 1:colcon.colcon_core.package_identification:_identify(.) by extension 'colcon_pkg'
[0.463s] Level 1:colcon.colcon_core.package_identification:_identify(.) by extensions ['colcon_meta']
[0.463s] Level 1:colcon.colcon_core.package_identification:_identify(.) by extension 'colcon_meta'
[0.463s] Level 1:colcon.colcon_core.package_identification:_identify(.) by extensions ['ros']
[0.463s] Level 1:colcon.colcon_core.package_identification:_identify(.) by extension 'ros'
[0.522s] DEBUG:colcon.colcon_core.package_identification:Package '.' with type 'ros.ament_cmake' and name 'frtl_2024_demo'
[0.523s] Level 1:colcon.colcon_core.package_discovery:discover_packages(recursive) using defaults
[0.523s] Level 1:colcon.colcon_core.package_discovery:discover_packages(ignore) discover
[0.523s] Level 1:colcon.colcon_core.package_discovery:discover_packages(ignore) using defaults
[0.523s] Level 1:colcon.colcon_core.package_discovery:discover_packages(path) discover
[0.523s] Level 1:colcon.colcon_core.package_discovery:discover_packages(path) using defaults
[0.550s] Level 1:colcon.colcon_core.package_discovery:discover_packages(prefix_path) check parameters
[0.550s] Level 1:colcon.colcon_core.package_discovery:discover_packages(prefix_path) discover
[0.555s] DEBUG:colcon.colcon_installed_package_information.package_discovery:Found 18 installed packages in /home/vinicius/frtl_2024_ws/install
[0.558s] DEBUG:colcon.colcon_installed_package_information.package_discovery:Found 283 installed packages in /opt/ros/humble
[0.560s] Level 1:colcon.colcon_core.package_discovery:discover_packages(prefix_path) using defaults
[0.619s] Level 5:colcon.colcon_core.verb:set package 'frtl_2024_demo' build argument 'cmake_args' from command line to 'None'
[0.619s] Level 5:colcon.colcon_core.verb:set package 'frtl_2024_demo' build argument 'cmake_target' from command line to 'None'
[0.619s] Level 5:colcon.colcon_core.verb:set package 'frtl_2024_demo' build argument 'cmake_target_skip_unavailable' from command line to 'False'
[0.619s] Level 5:colcon.colcon_core.verb:set package 'frtl_2024_demo' build argument 'cmake_clean_cache' from command line to 'False'
[0.619s] Level 5:colcon.colcon_core.verb:set package 'frtl_2024_demo' build argument 'cmake_clean_first' from command line to 'False'
[0.619s] Level 5:colcon.colcon_core.verb:set package 'frtl_2024_demo' build argument 'cmake_force_configure' from command line to 'False'
[0.619s] Level 5:colcon.colcon_core.verb:set package 'frtl_2024_demo' build argument 'ament_cmake_args' from command line to 'None'
[0.619s] Level 5:colcon.colcon_core.verb:set package 'frtl_2024_demo' build argument 'catkin_cmake_args' from command line to 'None'
[0.619s] Level 5:colcon.colcon_core.verb:set package 'frtl_2024_demo' build argument 'catkin_skip_building_tests' from command line to 'False'
[0.619s] DEBUG:colcon.colcon_core.verb:Building package 'frtl_2024_demo' with the following arguments: {'ament_cmake_args': None, 'build_base': '/home/vinicius/frtl_2024_ws/src/frtl_2024/frtl_2024_demo/build/frtl_2024_demo', 'catkin_cmake_args': None, 'catkin_skip_building_tests': False, 'cmake_args': None, 'cmake_clean_cache': False, 'cmake_clean_first': False, 'cmake_force_configure': False, 'cmake_target': None, 'cmake_target_skip_unavailable': False, 'install_base': '/home/vinicius/frtl_2024_ws/src/frtl_2024/frtl_2024_demo/install/frtl_2024_demo', 'merge_install': False, 'path': '/home/vinicius/frtl_2024_ws/src/frtl_2024/frtl_2024_demo', 'symlink_install': False, 'test_result_base': None}
[0.620s] INFO:colcon.colcon_core.executor:Executing jobs using 'parallel' executor
[0.622s] DEBUG:colcon.colcon_parallel_executor.executor.parallel:run_until_complete
[0.622s] INFO:colcon.colcon_ros.task.ament_cmake.build:Building ROS package in '/home/vinicius/frtl_2024_ws/src/frtl_2024/frtl_2024_demo' with build type 'ament_cmake'
[0.623s] INFO:colcon.colcon_cmake.task.cmake.build:Building CMake package in '/home/vinicius/frtl_2024_ws/src/frtl_2024/frtl_2024_demo'
[0.626s] INFO:colcon.colcon_core.plugin_system:Skipping extension 'colcon_core.shell.bat': Not used on non-Windows systems
[0.626s] INFO:colcon.colcon_core.shell:Skip shell extension 'powershell' for command environment: Not usable outside of PowerShell
[0.626s] DEBUG:colcon.colcon_core.shell:Skip shell extension 'dsv' for command environment
[0.646s] DEBUG:colcon.colcon_core.event_handler.log_command:Invoking command in '/home/vinicius/frtl_2024_ws/src/frtl_2024/frtl_2024_demo/build/frtl_2024_demo': CMAKE_PREFIX_PATH=${CMAKE_PREFIX_PATH}:/home/vinicius/frtl_2024_ws/install/simulation_python_helpers:/opt/ros/humble /usr/bin/cmake --build /home/vinicius/frtl_2024_ws/src/frtl_2024/frtl_2024_demo/build/frtl_2024_demo -- -j8 -l8
[11.219s] DEBUG:colcon.colcon_core.event_handler.log_command:Invoked command in '/home/vinicius/frtl_2024_ws/src/frtl_2024/frtl_2024_demo/build/frtl_2024_demo' returned '0': CMAKE_PREFIX_PATH=${CMAKE_PREFIX_PATH}:/home/vinicius/frtl_2024_ws/install/simulation_python_helpers:/opt/ros/humble /usr/bin/cmake --build /home/vinicius/frtl_2024_ws/src/frtl_2024/frtl_2024_demo/build/frtl_2024_demo -- -j8 -l8
[11.299s] DEBUG:colcon.colcon_core.event_handler.log_command:Invoking command in '/home/vinicius/frtl_2024_ws/src/frtl_2024/frtl_2024_demo/build/frtl_2024_demo': CMAKE_PREFIX_PATH=${CMAKE_PREFIX_PATH}:/home/vinicius/frtl_2024_ws/install/simulation_python_helpers:/opt/ros/humble /usr/bin/cmake --install /home/vinicius/frtl_2024_ws/src/frtl_2024/frtl_2024_demo/build/frtl_2024_demo
[11.324s] Level 1:colcon.colcon_core.environment:create_environment_scripts_only(frtl_2024_demo)
[11.324s] DEBUG:colcon.colcon_core.event_handler.log_command:Invoked command in '/home/vinicius/frtl_2024_ws/src/frtl_2024/frtl_2024_demo/build/frtl_2024_demo' returned '0': CMAKE_PREFIX_PATH=${CMAKE_PREFIX_PATH}:/home/vinicius/frtl_2024_ws/install/simulation_python_helpers:/opt/ros/humble /usr/bin/cmake --install /home/vinicius/frtl_2024_ws/src/frtl_2024/frtl_2024_demo/build/frtl_2024_demo
[11.328s] Level 1:colcon.colcon_core.environment:checking '/home/vinicius/frtl_2024_ws/src/frtl_2024/frtl_2024_demo/install/frtl_2024_demo' for CMake module files
[11.329s] Level 1:colcon.colcon_core.environment:checking '/home/vinicius/frtl_2024_ws/src/frtl_2024/frtl_2024_demo/install/frtl_2024_demo' for CMake config files
[11.330s] Level 1:colcon.colcon_core.shell:create_environment_hook('frtl_2024_demo', 'cmake_prefix_path')
[11.330s] INFO:colcon.colcon_core.shell:Creating environment hook '/home/vinicius/frtl_2024_ws/src/frtl_2024/frtl_2024_demo/install/frtl_2024_demo/share/frtl_2024_demo/hook/cmake_prefix_path.ps1'
[11.331s] INFO:colcon.colcon_core.shell:Creating environment descriptor '/home/vinicius/frtl_2024_ws/src/frtl_2024/frtl_2024_demo/install/frtl_2024_demo/share/frtl_2024_demo/hook/cmake_prefix_path.dsv'
[11.332s] INFO:colcon.colcon_core.shell:Creating environment hook '/home/vinicius/frtl_2024_ws/src/frtl_2024/frtl_2024_demo/install/frtl_2024_demo/share/frtl_2024_demo/hook/cmake_prefix_path.sh'
[11.333s] Level 1:colcon.colcon_core.environment:checking '/home/vinicius/frtl_2024_ws/src/frtl_2024/frtl_2024_demo/install/frtl_2024_demo/lib'
[11.333s] Level 1:colcon.colcon_core.environment:checking '/home/vinicius/frtl_2024_ws/src/frtl_2024/frtl_2024_demo/install/frtl_2024_demo/bin'
[11.333s] Level 1:colcon.colcon_core.environment:checking '/home/vinicius/frtl_2024_ws/src/frtl_2024/frtl_2024_demo/install/frtl_2024_demo/lib/pkgconfig/frtl_2024_demo.pc'
[11.333s] Level 1:colcon.colcon_core.environment:checking '/home/vinicius/frtl_2024_ws/src/frtl_2024/frtl_2024_demo/install/frtl_2024_demo/lib/python3.10/site-packages'
[11.334s] Level 1:colcon.colcon_core.environment:checking '/home/vinicius/frtl_2024_ws/src/frtl_2024/frtl_2024_demo/install/frtl_2024_demo/bin'
[11.334s] INFO:colcon.colcon_core.shell:Creating package script '/home/vinicius/frtl_2024_ws/src/frtl_2024/frtl_2024_demo/install/frtl_2024_demo/share/frtl_2024_demo/package.ps1'
[11.336s] INFO:colcon.colcon_core.shell:Creating package descriptor '/home/vinicius/frtl_2024_ws/src/frtl_2024/frtl_2024_demo/install/frtl_2024_demo/share/frtl_2024_demo/package.dsv'
[11.337s] INFO:colcon.colcon_core.shell:Creating package script '/home/vinicius/frtl_2024_ws/src/frtl_2024/frtl_2024_demo/install/frtl_2024_demo/share/frtl_2024_demo/package.sh'
[11.338s] INFO:colcon.colcon_core.shell:Creating package script '/home/vinicius/frtl_2024_ws/src/frtl_2024/frtl_2024_demo/install/frtl_2024_demo/share/frtl_2024_demo/package.bash'
[11.340s] INFO:colcon.colcon_core.shell:Creating package script '/home/vinicius/frtl_2024_ws/src/frtl_2024/frtl_2024_demo/install/frtl_2024_demo/share/frtl_2024_demo/package.zsh'
[11.341s] Level 1:colcon.colcon_core.environment:create_file_with_runtime_dependencies(/home/vinicius/frtl_2024_ws/src/frtl_2024/frtl_2024_demo/install/frtl_2024_demo/share/colcon-core/packages/frtl_2024_demo)
[11.403s] Level 1:colcon.colcon_core.environment:create_environment_scripts_only(frtl_2024_demo)
[11.403s] Level 1:colcon.colcon_core.environment:checking '/home/vinicius/frtl_2024_ws/src/frtl_2024/frtl_2024_demo/install/frtl_2024_demo' for CMake module files
[11.404s] Level 1:colcon.colcon_core.environment:checking '/home/vinicius/frtl_2024_ws/src/frtl_2024/frtl_2024_demo/install/frtl_2024_demo' for CMake config files
[11.405s] Level 1:colcon.colcon_core.shell:create_environment_hook('frtl_2024_demo', 'cmake_prefix_path')
[11.405s] INFO:colcon.colcon_core.shell:Creating environment hook '/home/vinicius/frtl_2024_ws/src/frtl_2024/frtl_2024_demo/install/frtl_2024_demo/share/frtl_2024_demo/hook/cmake_prefix_path.ps1'
[11.407s] INFO:colcon.colcon_core.shell:Creating environment descriptor '/home/vinicius/frtl_2024_ws/src/frtl_2024/frtl_2024_demo/install/frtl_2024_demo/share/frtl_2024_demo/hook/cmake_prefix_path.dsv'
[11.407s] INFO:colcon.colcon_core.shell:Creating environment hook '/home/vinicius/frtl_2024_ws/src/frtl_2024/frtl_2024_demo/install/frtl_2024_demo/share/frtl_2024_demo/hook/cmake_prefix_path.sh'
[11.408s] Level 1:colcon.colcon_core.environment:checking '/home/vinicius/frtl_2024_ws/src/frtl_2024/frtl_2024_demo/install/frtl_2024_demo/lib'
[11.408s] Level 1:colcon.colcon_core.environment:checking '/home/vinicius/frtl_2024_ws/src/frtl_2024/frtl_2024_demo/install/frtl_2024_demo/bin'
[11.408s] Level 1:colcon.colcon_core.environment:checking '/home/vinicius/frtl_2024_ws/src/frtl_2024/frtl_2024_demo/install/frtl_2024_demo/lib/pkgconfig/frtl_2024_demo.pc'
[11.408s] Level 1:colcon.colcon_core.environment:checking '/home/vinicius/frtl_2024_ws/src/frtl_2024/frtl_2024_demo/install/frtl_2024_demo/lib/python3.10/site-packages'
[11.409s] Level 1:colcon.colcon_core.environment:checking '/home/vinicius/frtl_2024_ws/src/frtl_2024/frtl_2024_demo/install/frtl_2024_demo/bin'
[11.409s] INFO:colcon.colcon_core.shell:Creating package script '/home/vinicius/frtl_2024_ws/src/frtl_2024/frtl_2024_demo/install/frtl_2024_demo/share/frtl_2024_demo/package.ps1'
[11.410s] INFO:colcon.colcon_core.shell:Creating package descriptor '/home/vinicius/frtl_2024_ws/src/frtl_2024/frtl_2024_demo/install/frtl_2024_demo/share/frtl_2024_demo/package.dsv'
[11.410s] INFO:colcon.colcon_core.shell:Creating package script '/home/vinicius/frtl_2024_ws/src/frtl_2024/frtl_2024_demo/install/frtl_2024_demo/share/frtl_2024_demo/package.sh'
[11.411s] INFO:colcon.colcon_core.shell:Creating package script '/home/vinicius/frtl_2024_ws/src/frtl_2024/frtl_2024_demo/install/frtl_2024_demo/share/frtl_2024_demo/package.bash'
[11.411s] INFO:colcon.colcon_core.shell:Creating package script '/home/vinicius/frtl_2024_ws/src/frtl_2024/frtl_2024_demo/install/frtl_2024_demo/share/frtl_2024_demo/package.zsh'
[11.412s] Level 1:colcon.colcon_core.environment:create_file_with_runtime_dependencies(/home/vinicius/frtl_2024_ws/src/frtl_2024/frtl_2024_demo/install/frtl_2024_demo/share/colcon-core/packages/frtl_2024_demo)
[11.412s] DEBUG:colcon.colcon_parallel_executor.executor.parallel:closing loop
[11.413s] DEBUG:colcon.colcon_parallel_executor.executor.parallel:loop closed
[11.413s] DEBUG:colcon.colcon_parallel_executor.executor.parallel:run_until_complete finished with '0'
[11.413s] DEBUG:colcon.colcon_core.event_reactor:joining thread
[11.421s] INFO:colcon.colcon_core.plugin_system:Skipping extension 'colcon_notification.desktop_notification.terminal_notifier': Not used on non-Darwin systems
[11.421s] INFO:colcon.colcon_core.plugin_system:Skipping extension 'colcon_notification.desktop_notification.win32': Not used on non-Windows systems
[11.422s] INFO:colcon.colcon_notification.desktop_notification:Sending desktop notification using 'notify2'
[11.440s] DEBUG:colcon.colcon_core.event_reactor:joined thread
[11.440s] INFO:colcon.colcon_core.shell:Creating prefix script '/home/vinicius/frtl_2024_ws/src/frtl_2024/frtl_2024_demo/install/local_setup.ps1'
[11.441s] INFO:colcon.colcon_core.shell:Creating prefix util module '/home/vinicius/frtl_2024_ws/src/frtl_2024/frtl_2024_demo/install/_local_setup_util_ps1.py'
[11.443s] INFO:colcon.colcon_core.shell:Creating prefix chain script '/home/vinicius/frtl_2024_ws/src/frtl_2024/frtl_2024_demo/install/setup.ps1'
[11.447s] INFO:colcon.colcon_core.shell:Creating prefix script '/home/vinicius/frtl_2024_ws/src/frtl_2024/frtl_2024_demo/install/local_setup.sh'
[11.448s] INFO:colcon.colcon_core.shell:Creating prefix util module '/home/vinicius/frtl_2024_ws/src/frtl_2024/frtl_2024_demo/install/_local_setup_util_sh.py'
[11.449s] INFO:colcon.colcon_core.shell:Creating prefix chain script '/home/vinicius/frtl_2024_ws/src/frtl_2024/frtl_2024_demo/install/setup.sh'
[11.451s] INFO:colcon.colcon_core.shell:Creating prefix script '/home/vinicius/frtl_2024_ws/src/frtl_2024/frtl_2024_demo/install/local_setup.bash'
[11.453s] INFO:colcon.colcon_core.shell:Creating prefix chain script '/home/vinicius/frtl_2024_ws/src/frtl_2024/frtl_2024_demo/install/setup.bash'
[11.456s] INFO:colcon.colcon_core.shell:Creating prefix script '/home/vinicius/frtl_2024_ws/src/frtl_2024/frtl_2024_demo/install/local_setup.zsh'
[11.457s] INFO:colcon.colcon_core.shell:Creating prefix chain script '/home/vinicius/frtl_2024_ws/src/frtl_2024/frtl_2024_demo/install/setup.zsh'
