[0.220s] DEBUG:colcon:Command line arguments: ['/usr/bin/colcon', 'build']
[0.220s] DEBUG:colcon:Parsed command line arguments: Namespace(log_base=None, log_level=None, verb_name='build', build_base='build', install_base='install', merge_install=False, symlink_install=False, test_result_base=None, continue_on_error=False, executor='parallel', parallel_workers=8, event_handlers=None, ignore_user_meta=False, metas=['./colcon.meta'], base_paths=['.'], packages_ignore=None, packages_ignore_regex=None, paths=None, packages_up_to=None, packages_up_to_regex=None, packages_above=None, packages_above_and_dependencies=None, packages_above_depth=None, packages_select_by_dep=None, packages_skip_by_dep=None, packages_skip_up_to=None, packages_select_build_failed=False, packages_skip_build_finished=False, packages_select_test_failures=False, packages_skip_test_passed=False, packages_select=None, packages_skip=None, packages_select_regex=None, packages_skip_regex=None, packages_start=None, packages_end=None, allow_overriding=[], cmake_args=None, cmake_target=None, cmake_target_skip_unavailable=False, cmake_clean_cache=False, cmake_clean_first=False, cmake_force_configure=False, ament_cmake_args=None, catkin_cmake_args=None, catkin_skip_building_tests=False, verb_parser=<colcon_defaults.argument_parser.defaults.DefaultArgumentsDecorator object at 0x7935a5fb9ed0>, verb_extension=<colcon_core.verb.build.BuildVerb object at 0x7935a61b74f0>, main=<bound method BuildVerb.main of <colcon_core.verb.build.BuildVerb object at 0x7935a61b74f0>>)
[0.744s] Level 1:colcon.colcon_core.package_discovery:discover_packages(colcon_meta) check parameters
[0.745s] Level 1:colcon.colcon_core.package_discovery:discover_packages(recursive) check parameters
[0.745s] Level 1:colcon.colcon_core.package_discovery:discover_packages(ignore) check parameters
[0.745s] Level 1:colcon.colcon_core.package_discovery:discover_packages(path) check parameters
[0.745s] Level 1:colcon.colcon_core.package_discovery:discover_packages(colcon_meta) discover
[0.745s] Level 1:colcon.colcon_core.package_discovery:discover_packages(recursive) discover
[0.745s] INFO:colcon.colcon_core.package_discovery:Crawling recursively for packages in '/home/vinicius/frtl_2024_ws/src/frtl_2024/frtl_2024_demo'
[0.745s] Level 1:colcon.colcon_core.package_identification:_identify(.) by extensions ['ignore', 'ignore_ament_install']
[0.745s] Level 1:colcon.colcon_core.package_identification:_identify(.) by extension 'ignore'
[0.745s] Level 1:colcon.colcon_core.package_identification:_identify(.) by extension 'ignore_ament_install'
[0.745s] Level 1:colcon.colcon_core.package_identification:_identify(.) by extensions ['colcon_pkg']
[0.745s] Level 1:colcon.colcon_core.package_identification:_identify(.) by extension 'colcon_pkg'
[0.746s] Level 1:colcon.colcon_core.package_identification:_identify(.) by extensions ['colcon_meta']
[0.746s] Level 1:colcon.colcon_core.package_identification:_identify(.) by extension 'colcon_meta'
[0.746s] Level 1:colcon.colcon_core.package_identification:_identify(.) by extensions ['ros']
[0.746s] Level 1:colcon.colcon_core.package_identification:_identify(.) by extension 'ros'
[0.810s] DEBUG:colcon.colcon_core.package_identification:Package '.' with type 'ros.ament_cmake' and name 'frtl_2024_demo'
[0.810s] Level 1:colcon.colcon_core.package_discovery:discover_packages(recursive) using defaults
[0.810s] Level 1:colcon.colcon_core.package_discovery:discover_packages(ignore) discover
[0.810s] Level 1:colcon.colcon_core.package_discovery:discover_packages(ignore) using defaults
[0.810s] Level 1:colcon.colcon_core.package_discovery:discover_packages(path) discover
[0.810s] Level 1:colcon.colcon_core.package_discovery:discover_packages(path) using defaults
[0.857s] Level 1:colcon.colcon_core.package_discovery:discover_packages(prefix_path) check parameters
[0.857s] Level 1:colcon.colcon_core.package_discovery:discover_packages(prefix_path) discover
[0.864s] DEBUG:colcon.colcon_installed_package_information.package_discovery:Found 18 installed packages in /home/vinicius/frtl_2024_ws/install
[0.867s] DEBUG:colcon.colcon_installed_package_information.package_discovery:Found 283 installed packages in /opt/ros/humble
[0.870s] Level 1:colcon.colcon_core.package_discovery:discover_packages(prefix_path) using defaults
[0.936s] Level 5:colcon.colcon_core.verb:set package 'frtl_2024_demo' build argument 'cmake_args' from command line to 'None'
[0.937s] Level 5:colcon.colcon_core.verb:set package 'frtl_2024_demo' build argument 'cmake_target' from command line to 'None'
[0.937s] Level 5:colcon.colcon_core.verb:set package 'frtl_2024_demo' build argument 'cmake_target_skip_unavailable' from command line to 'False'
[0.937s] Level 5:colcon.colcon_core.verb:set package 'frtl_2024_demo' build argument 'cmake_clean_cache' from command line to 'False'
[0.937s] Level 5:colcon.colcon_core.verb:set package 'frtl_2024_demo' build argument 'cmake_clean_first' from command line to 'False'
[0.937s] Level 5:colcon.colcon_core.verb:set package 'frtl_2024_demo' build argument 'cmake_force_configure' from command line to 'False'
[0.937s] Level 5:colcon.colcon_core.verb:set package 'frtl_2024_demo' build argument 'ament_cmake_args' from command line to 'None'
[0.937s] Level 5:colcon.colcon_core.verb:set package 'frtl_2024_demo' build argument 'catkin_cmake_args' from command line to 'None'
[0.937s] Level 5:colcon.colcon_core.verb:set package 'frtl_2024_demo' build argument 'catkin_skip_building_tests' from command line to 'False'
[0.937s] DEBUG:colcon.colcon_core.verb:Building package 'frtl_2024_demo' with the following arguments: {'ament_cmake_args': None, 'build_base': '/home/vinicius/frtl_2024_ws/src/frtl_2024/frtl_2024_demo/build/frtl_2024_demo', 'catkin_cmake_args': None, 'catkin_skip_building_tests': False, 'cmake_args': None, 'cmake_clean_cache': False, 'cmake_clean_first': False, 'cmake_force_configure': False, 'cmake_target': None, 'cmake_target_skip_unavailable': False, 'install_base': '/home/vinicius/frtl_2024_ws/src/frtl_2024/frtl_2024_demo/install/frtl_2024_demo', 'merge_install': False, 'path': '/home/vinicius/frtl_2024_ws/src/frtl_2024/frtl_2024_demo', 'symlink_install': False, 'test_result_base': None}
[0.937s] INFO:colcon.colcon_core.executor:Executing jobs using 'parallel' executor
[0.940s] DEBUG:colcon.colcon_parallel_executor.executor.parallel:run_until_complete
[0.941s] INFO:colcon.colcon_ros.task.ament_cmake.build:Building ROS package in '/home/vinicius/frtl_2024_ws/src/frtl_2024/frtl_2024_demo' with build type 'ament_cmake'
[0.941s] INFO:colcon.colcon_cmake.task.cmake.build:Building CMake package in '/home/vinicius/frtl_2024_ws/src/frtl_2024/frtl_2024_demo'
[0.951s] INFO:colcon.colcon_core.plugin_system:Skipping extension 'colcon_core.shell.bat': Not used on non-Windows systems
[0.951s] INFO:colcon.colcon_core.shell:Skip shell extension 'powershell' for command environment: Not usable outside of PowerShell
[0.951s] DEBUG:colcon.colcon_core.shell:Skip shell extension 'dsv' for command environment
[0.973s] DEBUG:colcon.colcon_core.event_handler.log_command:Invoking command in '/home/vinicius/frtl_2024_ws/src/frtl_2024/frtl_2024_demo/build/frtl_2024_demo': CMAKE_PREFIX_PATH=${CMAKE_PREFIX_PATH}:/home/vinicius/frtl_2024_ws/install/simulation_python_helpers:/opt/ros/humble /usr/bin/cmake /home/vinicius/frtl_2024_ws/src/frtl_2024/frtl_2024_demo -DCMAKE_INSTALL_PREFIX=/home/vinicius/frtl_2024_ws/src/frtl_2024/frtl_2024_demo/install/frtl_2024_demo
[4.821s] DEBUG:colcon.colcon_core.event_handler.log_command:Invoked command in '/home/vinicius/frtl_2024_ws/src/frtl_2024/frtl_2024_demo/build/frtl_2024_demo' returned '0': CMAKE_PREFIX_PATH=${CMAKE_PREFIX_PATH}:/home/vinicius/frtl_2024_ws/install/simulation_python_helpers:/opt/ros/humble /usr/bin/cmake /home/vinicius/frtl_2024_ws/src/frtl_2024/frtl_2024_demo -DCMAKE_INSTALL_PREFIX=/home/vinicius/frtl_2024_ws/src/frtl_2024/frtl_2024_demo/install/frtl_2024_demo
[4.825s] DEBUG:colcon.colcon_core.event_handler.log_command:Invoking command in '/home/vinicius/frtl_2024_ws/src/frtl_2024/frtl_2024_demo/build/frtl_2024_demo': CMAKE_PREFIX_PATH=${CMAKE_PREFIX_PATH}:/home/vinicius/frtl_2024_ws/install/simulation_python_helpers:/opt/ros/humble /usr/bin/cmake --build /home/vinicius/frtl_2024_ws/src/frtl_2024/frtl_2024_demo/build/frtl_2024_demo -- -j8 -l8
[15.767s] DEBUG:colcon.colcon_core.event_handler.log_command:Invoked command in '/home/vinicius/frtl_2024_ws/src/frtl_2024/frtl_2024_demo/build/frtl_2024_demo' returned '0': CMAKE_PREFIX_PATH=${CMAKE_PREFIX_PATH}:/home/vinicius/frtl_2024_ws/install/simulation_python_helpers:/opt/ros/humble /usr/bin/cmake --build /home/vinicius/frtl_2024_ws/src/frtl_2024/frtl_2024_demo/build/frtl_2024_demo -- -j8 -l8
[15.837s] DEBUG:colcon.colcon_core.event_handler.log_command:Invoking command in '/home/vinicius/frtl_2024_ws/src/frtl_2024/frtl_2024_demo/build/frtl_2024_demo': CMAKE_PREFIX_PATH=${CMAKE_PREFIX_PATH}:/home/vinicius/frtl_2024_ws/install/simulation_python_helpers:/opt/ros/humble /usr/bin/cmake --install /home/vinicius/frtl_2024_ws/src/frtl_2024/frtl_2024_demo/build/frtl_2024_demo
[15.861s] Level 1:colcon.colcon_core.environment:create_environment_scripts_only(frtl_2024_demo)
[15.862s] DEBUG:colcon.colcon_core.event_handler.log_command:Invoked command in '/home/vinicius/frtl_2024_ws/src/frtl_2024/frtl_2024_demo/build/frtl_2024_demo' returned '0': CMAKE_PREFIX_PATH=${CMAKE_PREFIX_PATH}:/home/vinicius/frtl_2024_ws/install/simulation_python_helpers:/opt/ros/humble /usr/bin/cmake --install /home/vinicius/frtl_2024_ws/src/frtl_2024/frtl_2024_demo/build/frtl_2024_demo
[15.871s] Level 1:colcon.colcon_core.environment:checking '/home/vinicius/frtl_2024_ws/src/frtl_2024/frtl_2024_demo/install/frtl_2024_demo' for CMake module files
[15.872s] Level 1:colcon.colcon_core.environment:checking '/home/vinicius/frtl_2024_ws/src/frtl_2024/frtl_2024_demo/install/frtl_2024_demo' for CMake config files
[15.873s] Level 1:colcon.colcon_core.shell:create_environment_hook('frtl_2024_demo', 'cmake_prefix_path')
[15.873s] INFO:colcon.colcon_core.shell:Creating environment hook '/home/vinicius/frtl_2024_ws/src/frtl_2024/frtl_2024_demo/install/frtl_2024_demo/share/frtl_2024_demo/hook/cmake_prefix_path.ps1'
[15.875s] INFO:colcon.colcon_core.shell:Creating environment descriptor '/home/vinicius/frtl_2024_ws/src/frtl_2024/frtl_2024_demo/install/frtl_2024_demo/share/frtl_2024_demo/hook/cmake_prefix_path.dsv'
[15.876s] INFO:colcon.colcon_core.shell:Creating environment hook '/home/vinicius/frtl_2024_ws/src/frtl_2024/frtl_2024_demo/install/frtl_2024_demo/share/frtl_2024_demo/hook/cmake_prefix_path.sh'
[15.877s] Level 1:colcon.colcon_core.environment:checking '/home/vinicius/frtl_2024_ws/src/frtl_2024/frtl_2024_demo/install/frtl_2024_demo/lib'
[15.877s] Level 1:colcon.colcon_core.environment:checking '/home/vinicius/frtl_2024_ws/src/frtl_2024/frtl_2024_demo/install/frtl_2024_demo/bin'
[15.877s] Level 1:colcon.colcon_core.environment:checking '/home/vinicius/frtl_2024_ws/src/frtl_2024/frtl_2024_demo/install/frtl_2024_demo/lib/pkgconfig/frtl_2024_demo.pc'
[15.878s] Level 1:colcon.colcon_core.environment:checking '/home/vinicius/frtl_2024_ws/src/frtl_2024/frtl_2024_demo/install/frtl_2024_demo/lib/python3.10/site-packages'
[15.878s] Level 1:colcon.colcon_core.environment:checking '/home/vinicius/frtl_2024_ws/src/frtl_2024/frtl_2024_demo/install/frtl_2024_demo/bin'
[15.878s] INFO:colcon.colcon_core.shell:Creating package script '/home/vinicius/frtl_2024_ws/src/frtl_2024/frtl_2024_demo/install/frtl_2024_demo/share/frtl_2024_demo/package.ps1'
[15.880s] INFO:colcon.colcon_core.shell:Creating package descriptor '/home/vinicius/frtl_2024_ws/src/frtl_2024/frtl_2024_demo/install/frtl_2024_demo/share/frtl_2024_demo/package.dsv'
[15.881s] INFO:colcon.colcon_core.shell:Creating package script '/home/vinicius/frtl_2024_ws/src/frtl_2024/frtl_2024_demo/install/frtl_2024_demo/share/frtl_2024_demo/package.sh'
[15.882s] INFO:colcon.colcon_core.shell:Creating package script '/home/vinicius/frtl_2024_ws/src/frtl_2024/frtl_2024_demo/install/frtl_2024_demo/share/frtl_2024_demo/package.bash'
[15.884s] INFO:colcon.colcon_core.shell:Creating package script '/home/vinicius/frtl_2024_ws/src/frtl_2024/frtl_2024_demo/install/frtl_2024_demo/share/frtl_2024_demo/package.zsh'
[15.886s] Level 1:colcon.colcon_core.environment:create_file_with_runtime_dependencies(/home/vinicius/frtl_2024_ws/src/frtl_2024/frtl_2024_demo/install/frtl_2024_demo/share/colcon-core/packages/frtl_2024_demo)
[15.949s] Level 1:colcon.colcon_core.environment:create_environment_scripts_only(frtl_2024_demo)
[15.949s] Level 1:colcon.colcon_core.environment:checking '/home/vinicius/frtl_2024_ws/src/frtl_2024/frtl_2024_demo/install/frtl_2024_demo' for CMake module files
[15.950s] Level 1:colcon.colcon_core.environment:checking '/home/vinicius/frtl_2024_ws/src/frtl_2024/frtl_2024_demo/install/frtl_2024_demo' for CMake config files
[15.951s] Level 1:colcon.colcon_core.shell:create_environment_hook('frtl_2024_demo', 'cmake_prefix_path')
[15.952s] INFO:colcon.colcon_core.shell:Creating environment hook '/home/vinicius/frtl_2024_ws/src/frtl_2024/frtl_2024_demo/install/frtl_2024_demo/share/frtl_2024_demo/hook/cmake_prefix_path.ps1'
[15.953s] INFO:colcon.colcon_core.shell:Creating environment descriptor '/home/vinicius/frtl_2024_ws/src/frtl_2024/frtl_2024_demo/install/frtl_2024_demo/share/frtl_2024_demo/hook/cmake_prefix_path.dsv'
[15.953s] INFO:colcon.colcon_core.shell:Creating environment hook '/home/vinicius/frtl_2024_ws/src/frtl_2024/frtl_2024_demo/install/frtl_2024_demo/share/frtl_2024_demo/hook/cmake_prefix_path.sh'
[15.955s] Level 1:colcon.colcon_core.environment:checking '/home/vinicius/frtl_2024_ws/src/frtl_2024/frtl_2024_demo/install/frtl_2024_demo/lib'
[15.955s] Level 1:colcon.colcon_core.environment:checking '/home/vinicius/frtl_2024_ws/src/frtl_2024/frtl_2024_demo/install/frtl_2024_demo/bin'
[15.955s] Level 1:colcon.colcon_core.environment:checking '/home/vinicius/frtl_2024_ws/src/frtl_2024/frtl_2024_demo/install/frtl_2024_demo/lib/pkgconfig/frtl_2024_demo.pc'
[15.955s] Level 1:colcon.colcon_core.environment:checking '/home/vinicius/frtl_2024_ws/src/frtl_2024/frtl_2024_demo/install/frtl_2024_demo/lib/python3.10/site-packages'
[15.956s] Level 1:colcon.colcon_core.environment:checking '/home/vinicius/frtl_2024_ws/src/frtl_2024/frtl_2024_demo/install/frtl_2024_demo/bin'
[15.956s] INFO:colcon.colcon_core.shell:Creating package script '/home/vinicius/frtl_2024_ws/src/frtl_2024/frtl_2024_demo/install/frtl_2024_demo/share/frtl_2024_demo/package.ps1'
[15.957s] INFO:colcon.colcon_core.shell:Creating package descriptor '/home/vinicius/frtl_2024_ws/src/frtl_2024/frtl_2024_demo/install/frtl_2024_demo/share/frtl_2024_demo/package.dsv'
[15.958s] INFO:colcon.colcon_core.shell:Creating package script '/home/vinicius/frtl_2024_ws/src/frtl_2024/frtl_2024_demo/install/frtl_2024_demo/share/frtl_2024_demo/package.sh'
[15.959s] INFO:colcon.colcon_core.shell:Creating package script '/home/vinicius/frtl_2024_ws/src/frtl_2024/frtl_2024_demo/install/frtl_2024_demo/share/frtl_2024_demo/package.bash'
[15.960s] INFO:colcon.colcon_core.shell:Creating package script '/home/vinicius/frtl_2024_ws/src/frtl_2024/frtl_2024_demo/install/frtl_2024_demo/share/frtl_2024_demo/package.zsh'
[15.961s] Level 1:colcon.colcon_core.environment:create_file_with_runtime_dependencies(/home/vinicius/frtl_2024_ws/src/frtl_2024/frtl_2024_demo/install/frtl_2024_demo/share/colcon-core/packages/frtl_2024_demo)
[15.961s] DEBUG:colcon.colcon_parallel_executor.executor.parallel:closing loop
[15.961s] DEBUG:colcon.colcon_parallel_executor.executor.parallel:loop closed
[15.962s] DEBUG:colcon.colcon_parallel_executor.executor.parallel:run_until_complete finished with '0'
[15.962s] DEBUG:colcon.colcon_core.event_reactor:joining thread
[15.971s] INFO:colcon.colcon_core.plugin_system:Skipping extension 'colcon_notification.desktop_notification.terminal_notifier': Not used on non-Darwin systems
[15.972s] INFO:colcon.colcon_core.plugin_system:Skipping extension 'colcon_notification.desktop_notification.win32': Not used on non-Windows systems
[15.972s] INFO:colcon.colcon_notification.desktop_notification:Sending desktop notification using 'notify2'
[15.995s] DEBUG:colcon.colcon_core.event_reactor:joined thread
[15.995s] INFO:colcon.colcon_core.shell:Creating prefix script '/home/vinicius/frtl_2024_ws/src/frtl_2024/frtl_2024_demo/install/local_setup.ps1'
[15.997s] INFO:colcon.colcon_core.shell:Creating prefix util module '/home/vinicius/frtl_2024_ws/src/frtl_2024/frtl_2024_demo/install/_local_setup_util_ps1.py'
[16.000s] INFO:colcon.colcon_core.shell:Creating prefix chain script '/home/vinicius/frtl_2024_ws/src/frtl_2024/frtl_2024_demo/install/setup.ps1'
[16.003s] INFO:colcon.colcon_core.shell:Creating prefix script '/home/vinicius/frtl_2024_ws/src/frtl_2024/frtl_2024_demo/install/local_setup.sh'
[16.005s] INFO:colcon.colcon_core.shell:Creating prefix util module '/home/vinicius/frtl_2024_ws/src/frtl_2024/frtl_2024_demo/install/_local_setup_util_sh.py'
[16.005s] INFO:colcon.colcon_core.shell:Creating prefix chain script '/home/vinicius/frtl_2024_ws/src/frtl_2024/frtl_2024_demo/install/setup.sh'
[16.008s] INFO:colcon.colcon_core.shell:Creating prefix script '/home/vinicius/frtl_2024_ws/src/frtl_2024/frtl_2024_demo/install/local_setup.bash'
[16.009s] INFO:colcon.colcon_core.shell:Creating prefix chain script '/home/vinicius/frtl_2024_ws/src/frtl_2024/frtl_2024_demo/install/setup.bash'
[16.012s] INFO:colcon.colcon_core.shell:Creating prefix script '/home/vinicius/frtl_2024_ws/src/frtl_2024/frtl_2024_demo/install/local_setup.zsh'
[16.013s] INFO:colcon.colcon_core.shell:Creating prefix chain script '/home/vinicius/frtl_2024_ws/src/frtl_2024/frtl_2024_demo/install/setup.zsh'
