[35m[1mConsolidate compiler generated dependencies of target circle[0m
[35m[1mConsolidate compiler generated dependencies of target takeoff_and_land[0m
[ 25%] [32mBuilding CXX object CMakeFiles/circle.dir/src/examples/circle.cpp.o[0m
[ 50%] [32mBuilding CXX object CMakeFiles/takeoff_and_land.dir/src/examples/takeoff_and_land.cpp.o[0m
[ 75%] [32m[1mLinking CXX executable takeoff_and_land[0m
[100%] [32m[1mLinking CXX executable circle[0m
[100%] Built target takeoff_and_land
[100%] Built target circle
-- Install configuration: ""
-- Installing: /home/vinicius/frtl_2024_ws/src/frtl_2024/frtl_2024_demo/install/frtl_2024_demo/lib/frtl_2024_demo/takeoff_and_land
-- Set runtime path of "/home/vinicius/frtl_2024_ws/src/frtl_2024/frtl_2024_demo/install/frtl_2024_demo/lib/frtl_2024_demo/takeoff_and_land" to ""
-- Installing: /home/vinicius/frtl_2024_ws/src/frtl_2024/frtl_2024_demo/install/frtl_2024_demo/lib/frtl_2024_demo/circle
-- Set runtime path of "/home/vinicius/frtl_2024_ws/src/frtl_2024/frtl_2024_demo/install/frtl_2024_demo/lib/frtl_2024_demo/circle" to ""
-- Up-to-date: /home/vinicius/frtl_2024_ws/src/frtl_2024/frtl_2024_demo/install/frtl_2024_demo/share/ament_index/resource_index/package_run_dependencies/frtl_2024_demo
-- Up-to-date: /home/vinicius/frtl_2024_ws/src/frtl_2024/frtl_2024_demo/install/frtl_2024_demo/share/ament_index/resource_index/parent_prefix_path/frtl_2024_demo
-- Up-to-date: /home/vinicius/frtl_2024_ws/src/frtl_2024/frtl_2024_demo/install/frtl_2024_demo/share/frtl_2024_demo/environment/ament_prefix_path.sh
-- Up-to-date: /home/vinicius/frtl_2024_ws/src/frtl_2024/frtl_2024_demo/install/frtl_2024_demo/share/frtl_2024_demo/environment/ament_prefix_path.dsv
-- Up-to-date: /home/vinicius/frtl_2024_ws/src/frtl_2024/frtl_2024_demo/install/frtl_2024_demo/share/frtl_2024_demo/environment/path.sh
-- Up-to-date: /home/vinicius/frtl_2024_ws/src/frtl_2024/frtl_2024_demo/install/frtl_2024_demo/share/frtl_2024_demo/environment/path.dsv
-- Up-to-date: /home/vinicius/frtl_2024_ws/src/frtl_2024/frtl_2024_demo/install/frtl_2024_demo/share/frtl_2024_demo/local_setup.bash
-- Up-to-date: /home/vinicius/frtl_2024_ws/src/frtl_2024/frtl_2024_demo/install/frtl_2024_demo/share/frtl_2024_demo/local_setup.sh
-- Up-to-date: /home/vinicius/frtl_2024_ws/src/frtl_2024/frtl_2024_demo/install/frtl_2024_demo/share/frtl_2024_demo/local_setup.zsh
-- Up-to-date: /home/vinicius/frtl_2024_ws/src/frtl_2024/frtl_2024_demo/install/frtl_2024_demo/share/frtl_2024_demo/local_setup.dsv
-- Installing: /home/vinicius/frtl_2024_ws/src/frtl_2024/frtl_2024_demo/install/frtl_2024_demo/share/frtl_2024_demo/package.dsv
-- Up-to-date: /home/vinicius/frtl_2024_ws/src/frtl_2024/frtl_2024_demo/install/frtl_2024_demo/share/ament_index/resource_index/packages/frtl_2024_demo
-- Up-to-date: /home/vinicius/frtl_2024_ws/src/frtl_2024/frtl_2024_demo/install/frtl_2024_demo/share/frtl_2024_demo/cmake/frtl_2024_demoConfig.cmake
-- Up-to-date: /home/vinicius/frtl_2024_ws/src/frtl_2024/frtl_2024_demo/install/frtl_2024_demo/share/frtl_2024_demo/cmake/frtl_2024_demoConfig-version.cmake
-- Up-to-date: /home/vinicius/frtl_2024_ws/src/frtl_2024/frtl_2024_demo/install/frtl_2024_demo/share/frtl_2024_demo/package.xml
