[0.022s] Invoking command in '/home/vinicius/frtl_2024_ws/src/frtl_2024/frtl_2024_demo/build/frtl_2024_demo': CMAKE_PREFIX_PATH=${CMAKE_PREFIX_PATH}:/home/vinicius/frtl_2024_ws/install/simulation_python_helpers:/opt/ros/humble /usr/bin/cmake --build /home/vinicius/frtl_2024_ws/src/frtl_2024/frtl_2024_demo/build/frtl_2024_demo -- -j8 -l8
[0.105s] [35m[1mConsolidate compiler generated dependencies of target circle[0m
[0.106s] [35m[1mConsolidate compiler generated dependencies of target takeoff_and_land[0m
[0.151s] [ 25%] [32mBuilding CXX object CMakeFiles/circle.dir/src/examples/circle.cpp.o[0m
[0.155s] [ 50%] [32mBuilding CXX object CMakeFiles/takeoff_and_land.dir/src/examples/takeoff_and_land.cpp.o[0m
[8.576s] [ 75%] [32m[1mLinking CXX executable takeoff_and_land[0m
[8.825s] [100%] [32m[1mLinking CXX executable circle[0m
[10.290s] [100%] Built target takeoff_and_land
[10.574s] [100%] Built target circle
[10.595s] Invoked command in '/home/vinicius/frtl_2024_ws/src/frtl_2024/frtl_2024_demo/build/frtl_2024_demo' returned '0': CMAKE_PREFIX_PATH=${CMAKE_PREFIX_PATH}:/home/vinicius/frtl_2024_ws/install/simulation_python_helpers:/opt/ros/humble /usr/bin/cmake --build /home/vinicius/frtl_2024_ws/src/frtl_2024/frtl_2024_demo/build/frtl_2024_demo -- -j8 -l8
[10.675s] Invoking command in '/home/vinicius/frtl_2024_ws/src/frtl_2024/frtl_2024_demo/build/frtl_2024_demo': CMAKE_PREFIX_PATH=${CMAKE_PREFIX_PATH}:/home/vinicius/frtl_2024_ws/install/simulation_python_helpers:/opt/ros/humble /usr/bin/cmake --install /home/vinicius/frtl_2024_ws/src/frtl_2024/frtl_2024_demo/build/frtl_2024_demo
[10.690s] -- Install configuration: ""
[10.691s] -- Installing: /home/vinicius/frtl_2024_ws/src/frtl_2024/frtl_2024_demo/install/frtl_2024_demo/lib/frtl_2024_demo/takeoff_and_land
[10.693s] -- Set runtime path of "/home/vinicius/frtl_2024_ws/src/frtl_2024/frtl_2024_demo/install/frtl_2024_demo/lib/frtl_2024_demo/takeoff_and_land" to ""
[10.693s] -- Installing: /home/vinicius/frtl_2024_ws/src/frtl_2024/frtl_2024_demo/install/frtl_2024_demo/lib/frtl_2024_demo/circle
[10.695s] -- Set runtime path of "/home/vinicius/frtl_2024_ws/src/frtl_2024/frtl_2024_demo/install/frtl_2024_demo/lib/frtl_2024_demo/circle" to ""
[10.696s] -- Up-to-date: /home/vinicius/frtl_2024_ws/src/frtl_2024/frtl_2024_demo/install/frtl_2024_demo/share/ament_index/resource_index/package_run_dependencies/frtl_2024_demo
[10.696s] -- Up-to-date: /home/vinicius/frtl_2024_ws/src/frtl_2024/frtl_2024_demo/install/frtl_2024_demo/share/ament_index/resource_index/parent_prefix_path/frtl_2024_demo
[10.696s] -- Up-to-date: /home/vinicius/frtl_2024_ws/src/frtl_2024/frtl_2024_demo/install/frtl_2024_demo/share/frtl_2024_demo/environment/ament_prefix_path.sh
[10.696s] -- Up-to-date: /home/vinicius/frtl_2024_ws/src/frtl_2024/frtl_2024_demo/install/frtl_2024_demo/share/frtl_2024_demo/environment/ament_prefix_path.dsv
[10.696s] -- Up-to-date: /home/vinicius/frtl_2024_ws/src/frtl_2024/frtl_2024_demo/install/frtl_2024_demo/share/frtl_2024_demo/environment/path.sh
[10.696s] -- Up-to-date: /home/vinicius/frtl_2024_ws/src/frtl_2024/frtl_2024_demo/install/frtl_2024_demo/share/frtl_2024_demo/environment/path.dsv
[10.697s] -- Up-to-date: /home/vinicius/frtl_2024_ws/src/frtl_2024/frtl_2024_demo/install/frtl_2024_demo/share/frtl_2024_demo/local_setup.bash
[10.697s] -- Up-to-date: /home/vinicius/frtl_2024_ws/src/frtl_2024/frtl_2024_demo/install/frtl_2024_demo/share/frtl_2024_demo/local_setup.sh
[10.697s] -- Up-to-date: /home/vinicius/frtl_2024_ws/src/frtl_2024/frtl_2024_demo/install/frtl_2024_demo/share/frtl_2024_demo/local_setup.zsh
[10.697s] -- Up-to-date: /home/vinicius/frtl_2024_ws/src/frtl_2024/frtl_2024_demo/install/frtl_2024_demo/share/frtl_2024_demo/local_setup.dsv
[10.697s] -- Installing: /home/vinicius/frtl_2024_ws/src/frtl_2024/frtl_2024_demo/install/frtl_2024_demo/share/frtl_2024_demo/package.dsv
[10.697s] -- Up-to-date: /home/vinicius/frtl_2024_ws/src/frtl_2024/frtl_2024_demo/install/frtl_2024_demo/share/ament_index/resource_index/packages/frtl_2024_demo
[10.697s] -- Up-to-date: /home/vinicius/frtl_2024_ws/src/frtl_2024/frtl_2024_demo/install/frtl_2024_demo/share/frtl_2024_demo/cmake/frtl_2024_demoConfig.cmake
[10.697s] -- Up-to-date: /home/vinicius/frtl_2024_ws/src/frtl_2024/frtl_2024_demo/install/frtl_2024_demo/share/frtl_2024_demo/cmake/frtl_2024_demoConfig-version.cmake
[10.698s] -- Up-to-date: /home/vinicius/frtl_2024_ws/src/frtl_2024/frtl_2024_demo/install/frtl_2024_demo/share/frtl_2024_demo/package.xml
[10.701s] Invoked command in '/home/vinicius/frtl_2024_ws/src/frtl_2024/frtl_2024_demo/build/frtl_2024_demo' returned '0': CMAKE_PREFIX_PATH=${CMAKE_PREFIX_PATH}:/home/vinicius/frtl_2024_ws/install/simulation_python_helpers:/opt/ros/humble /usr/bin/cmake --install /home/vinicius/frtl_2024_ws/src/frtl_2024/frtl_2024_demo/build/frtl_2024_demo
