-- The C compiler identification is GNU 11.4.0
-- The CXX compiler identification is GNU 11.4.0
-- Detecting C compiler ABI info
-- Detecting C compiler ABI info - done
-- Check for working C compiler: /usr/bin/cc - skipped
-- Detecting C compile features
-- Detecting C compile features - done
-- Detecting CXX compiler ABI info
-- Detecting CXX compiler ABI info - done
-- Check for working CXX compiler: /usr/bin/c++ - skipped
-- Detecting CXX compile features
-- Detecting CXX compile features - done
-- Found ament_cmake: 1.3.8 (/opt/ros/humble/share/ament_cmake/cmake)
-- Found Python3: /usr/bin/python3 (found version "3.10.12") found components: Interpreter 
-- Found fsm: 0.0.0 (/home/vinicius/frtl_2024_ws/install/fsm/share/fsm/cmake)
-- Found frtl_2023_drone: 0.0.0 (/home/vinicius/frtl_2024_ws/install/frtl_2023_drone/share/frtl_2023_drone/cmake)
-- Found rosidl_generator_c: 3.1.5 (/opt/ros/humble/share/rosidl_generator_c/cmake)
-- Found rosidl_adapter: 3.1.5 (/opt/ros/humble/share/rosidl_adapter/cmake)
-- Found rosidl_generator_cpp: 3.1.5 (/opt/ros/humble/share/rosidl_generator_cpp/cmake)
-- Using all available rosidl_typesupport_c: rosidl_typesupport_fastrtps_c;rosidl_typesupport_introspection_c
-- Using all available rosidl_typesupport_cpp: rosidl_typesupport_fastrtps_cpp;rosidl_typesupport_introspection_cpp
-- Found rmw_implementation_cmake: 6.1.1 (/opt/ros/humble/share/rmw_implementation_cmake/cmake)
-- Found rmw_fastrtps_cpp: 6.2.6 (/opt/ros/humble/share/rmw_fastrtps_cpp/cmake)
-- Found OpenSSL: /usr/lib/x86_64-linux-gnu/libcrypto.so (found version "3.0.2")  
-- Found FastRTPS: /opt/ros/humble/include  
-- Using RMW implementation 'rmw_fastrtps_cpp' as default
-- Looking for pthread.h
-- Looking for pthread.h - found
-- Performing Test CMAKE_HAVE_LIBC_PTHREAD
-- Performing Test CMAKE_HAVE_LIBC_PTHREAD - Success
-- Found Threads: TRUE  
-- Found eigen3_cmake_module: 0.1.1 (/opt/ros/humble/share/eigen3_cmake_module/cmake)
-- Found Eigen3: TRUE (found version "3.4.0") 
-- Found ament_lint_auto: 0.12.10 (/opt/ros/humble/share/ament_lint_auto/cmake)
-- Added test 'copyright' to check source files copyright and LICENSE
-- Added test 'cppcheck' to perform static code analysis on C / C++ code
-- Configured cppcheck include dirs: /home/vinicius/frtl_2024_ws/src/frtl_2024/frtl_2024_demo/include
-- Configured cppcheck exclude dirs and/or files: 
-- Added test 'cpplint' to check C / C++ code against the Google style
-- Configured cpplint exclude dirs and/or files: 
-- Added test 'lint_cmake' to check CMake code style
-- Added test 'uncrustify' to check C / C++ code style
-- Configured uncrustify additional arguments: 
-- Added test 'xmllint' to check XML markup files
-- Configuring done
-- Generating done
-- Build files have been written to: /home/vinicius/frtl_2024_ws/src/frtl_2024/frtl_2024_demo/build/frtl_2024_demo
[ 25%] [32mBuilding CXX object CMakeFiles/circle.dir/src/examples/circle.cpp.o[0m
[ 50%] [32mBuilding CXX object CMakeFiles/takeoff_and_land.dir/src/examples/takeoff_and_land.cpp.o[0m
[ 75%] [32m[1mLinking CXX executable takeoff_and_land[0m
[100%] [32m[1mLinking CXX executable circle[0m
[100%] Built target circle
[100%] Built target takeoff_and_land
-- Install configuration: ""
-- Installing: /home/vinicius/frtl_2024_ws/src/frtl_2024/frtl_2024_demo/install/frtl_2024_demo/lib/frtl_2024_demo/takeoff_and_land
-- Set runtime path of "/home/vinicius/frtl_2024_ws/src/frtl_2024/frtl_2024_demo/install/frtl_2024_demo/lib/frtl_2024_demo/takeoff_and_land" to ""
-- Installing: /home/vinicius/frtl_2024_ws/src/frtl_2024/frtl_2024_demo/install/frtl_2024_demo/lib/frtl_2024_demo/circle
-- Set runtime path of "/home/vinicius/frtl_2024_ws/src/frtl_2024/frtl_2024_demo/install/frtl_2024_demo/lib/frtl_2024_demo/circle" to ""
-- Installing: /home/vinicius/frtl_2024_ws/src/frtl_2024/frtl_2024_demo/install/frtl_2024_demo/share/ament_index/resource_index/package_run_dependencies/frtl_2024_demo
-- Installing: /home/vinicius/frtl_2024_ws/src/frtl_2024/frtl_2024_demo/install/frtl_2024_demo/share/ament_index/resource_index/parent_prefix_path/frtl_2024_demo
-- Installing: /home/vinicius/frtl_2024_ws/src/frtl_2024/frtl_2024_demo/install/frtl_2024_demo/share/frtl_2024_demo/environment/ament_prefix_path.sh
-- Installing: /home/vinicius/frtl_2024_ws/src/frtl_2024/frtl_2024_demo/install/frtl_2024_demo/share/frtl_2024_demo/environment/ament_prefix_path.dsv
-- Installing: /home/vinicius/frtl_2024_ws/src/frtl_2024/frtl_2024_demo/install/frtl_2024_demo/share/frtl_2024_demo/environment/path.sh
-- Installing: /home/vinicius/frtl_2024_ws/src/frtl_2024/frtl_2024_demo/install/frtl_2024_demo/share/frtl_2024_demo/environment/path.dsv
-- Installing: /home/vinicius/frtl_2024_ws/src/frtl_2024/frtl_2024_demo/install/frtl_2024_demo/share/frtl_2024_demo/local_setup.bash
-- Installing: /home/vinicius/frtl_2024_ws/src/frtl_2024/frtl_2024_demo/install/frtl_2024_demo/share/frtl_2024_demo/local_setup.sh
-- Installing: /home/vinicius/frtl_2024_ws/src/frtl_2024/frtl_2024_demo/install/frtl_2024_demo/share/frtl_2024_demo/local_setup.zsh
-- Installing: /home/vinicius/frtl_2024_ws/src/frtl_2024/frtl_2024_demo/install/frtl_2024_demo/share/frtl_2024_demo/local_setup.dsv
-- Installing: /home/vinicius/frtl_2024_ws/src/frtl_2024/frtl_2024_demo/install/frtl_2024_demo/share/frtl_2024_demo/package.dsv
-- Installing: /home/vinicius/frtl_2024_ws/src/frtl_2024/frtl_2024_demo/install/frtl_2024_demo/share/ament_index/resource_index/packages/frtl_2024_demo
-- Installing: /home/vinicius/frtl_2024_ws/src/frtl_2024/frtl_2024_demo/install/frtl_2024_demo/share/frtl_2024_demo/cmake/frtl_2024_demoConfig.cmake
-- Installing: /home/vinicius/frtl_2024_ws/src/frtl_2024/frtl_2024_demo/install/frtl_2024_demo/share/frtl_2024_demo/cmake/frtl_2024_demoConfig-version.cmake
-- Installing: /home/vinicius/frtl_2024_ws/src/frtl_2024/frtl_2024_demo/install/frtl_2024_demo/share/frtl_2024_demo/package.xml
