[0.032s] Invoking command in '/home/vinicius/frtl_2024_ws/src/frtl_2024/frtl_2024_demo/build/frtl_2024_demo': CMAKE_PREFIX_PATH=${CMAKE_PREFIX_PATH}:/home/vinicius/frtl_2024_ws/install/simulation_python_helpers:/opt/ros/humble /usr/bin/cmake /home/vinicius/frtl_2024_ws/src/frtl_2024/frtl_2024_demo -DCMAKE_INSTALL_PREFIX=/home/vinicius/frtl_2024_ws/src/frtl_2024/frtl_2024_demo/install/frtl_2024_demo
[0.233s] -- The C compiler identification is GNU 11.4.0
[0.371s] -- The CXX compiler identification is GNU 11.4.0
[0.387s] -- Detecting C compiler ABI info
[0.522s] -- Detecting C compiler ABI info - done
[0.533s] -- Check for working C compiler: /usr/bin/cc - skipped
[0.534s] -- Detecting C compile features
[0.535s] -- Detecting C compile features - done
[0.542s] -- Detecting CXX compiler ABI info
[0.691s] -- Detecting CXX compiler ABI info - done
[0.704s] -- Check for working CXX compiler: /usr/bin/c++ - skipped
[0.704s] -- Detecting CXX compile features
[0.704s] -- Detecting CXX compile features - done
[0.718s] -- Found ament_cmake: 1.3.8 (/opt/ros/humble/share/ament_cmake/cmake)
[1.021s] -- Found Python3: /usr/bin/python3 (found version "3.10.12") found components: Interpreter 
[1.275s] -- Found fsm: 0.0.0 (/home/vinicius/frtl_2024_ws/install/fsm/share/fsm/cmake)
[1.280s] -- Found frtl_2023_drone: 0.0.0 (/home/vinicius/frtl_2024_ws/install/frtl_2023_drone/share/frtl_2023_drone/cmake)
[1.449s] -- Found rosidl_generator_c: 3.1.5 (/opt/ros/humble/share/rosidl_generator_c/cmake)
[1.468s] -- Found rosidl_adapter: 3.1.5 (/opt/ros/humble/share/rosidl_adapter/cmake)
[1.509s] -- Found rosidl_generator_cpp: 3.1.5 (/opt/ros/humble/share/rosidl_generator_cpp/cmake)
[1.560s] -- Using all available rosidl_typesupport_c: rosidl_typesupport_fastrtps_c;rosidl_typesupport_introspection_c
[1.617s] -- Using all available rosidl_typesupport_cpp: rosidl_typesupport_fastrtps_cpp;rosidl_typesupport_introspection_cpp
[1.920s] -- Found rmw_implementation_cmake: 6.1.1 (/opt/ros/humble/share/rmw_implementation_cmake/cmake)
[1.933s] -- Found rmw_fastrtps_cpp: 6.2.6 (/opt/ros/humble/share/rmw_fastrtps_cpp/cmake)
[2.190s] -- Found OpenSSL: /usr/lib/x86_64-linux-gnu/libcrypto.so (found version "3.0.2")  
[2.267s] -- Found FastRTPS: /opt/ros/humble/include  
[2.375s] -- Using RMW implementation 'rmw_fastrtps_cpp' as default
[2.423s] -- Looking for pthread.h
[2.580s] -- Looking for pthread.h - found
[2.580s] -- Performing Test CMAKE_HAVE_LIBC_PTHREAD
[2.714s] -- Performing Test CMAKE_HAVE_LIBC_PTHREAD - Success
[2.716s] -- Found Threads: TRUE  
[3.485s] -- Found eigen3_cmake_module: 0.1.1 (/opt/ros/humble/share/eigen3_cmake_module/cmake)
[3.489s] -- Found Eigen3: TRUE (found version "3.4.0") 
[3.505s] -- Found ament_lint_auto: 0.12.10 (/opt/ros/humble/share/ament_lint_auto/cmake)
[3.766s] -- Added test 'copyright' to check source files copyright and LICENSE
[3.779s] -- Added test 'cppcheck' to perform static code analysis on C / C++ code
[3.780s] -- Configured cppcheck include dirs: /home/vinicius/frtl_2024_ws/src/frtl_2024/frtl_2024_demo/include
[3.780s] -- Configured cppcheck exclude dirs and/or files: 
[3.792s] -- Added test 'cpplint' to check C / C++ code against the Google style
[3.793s] -- Configured cpplint exclude dirs and/or files: 
[3.802s] -- Added test 'lint_cmake' to check CMake code style
[3.821s] -- Added test 'uncrustify' to check C / C++ code style
[3.821s] -- Configured uncrustify additional arguments: 
[3.825s] -- Added test 'xmllint' to check XML markup files
[3.830s] -- Configuring done
[3.859s] -- Generating done
[3.863s] -- Build files have been written to: /home/vinicius/frtl_2024_ws/src/frtl_2024/frtl_2024_demo/build/frtl_2024_demo
[3.880s] Invoked command in '/home/vinicius/frtl_2024_ws/src/frtl_2024/frtl_2024_demo/build/frtl_2024_demo' returned '0': CMAKE_PREFIX_PATH=${CMAKE_PREFIX_PATH}:/home/vinicius/frtl_2024_ws/install/simulation_python_helpers:/opt/ros/humble /usr/bin/cmake /home/vinicius/frtl_2024_ws/src/frtl_2024/frtl_2024_demo -DCMAKE_INSTALL_PREFIX=/home/vinicius/frtl_2024_ws/src/frtl_2024/frtl_2024_demo/install/frtl_2024_demo
[3.884s] Invoking command in '/home/vinicius/frtl_2024_ws/src/frtl_2024/frtl_2024_demo/build/frtl_2024_demo': CMAKE_PREFIX_PATH=${CMAKE_PREFIX_PATH}:/home/vinicius/frtl_2024_ws/install/simulation_python_helpers:/opt/ros/humble /usr/bin/cmake --build /home/vinicius/frtl_2024_ws/src/frtl_2024/frtl_2024_demo/build/frtl_2024_demo -- -j8 -l8
[3.981s] [ 25%] [32mBuilding CXX object CMakeFiles/circle.dir/src/examples/circle.cpp.o[0m
[3.983s] [ 50%] [32mBuilding CXX object CMakeFiles/takeoff_and_land.dir/src/examples/takeoff_and_land.cpp.o[0m
[11.197s] In file included from [01m[K/home/vinicius/frtl_2024_ws/src/frtl_2024/frtl_2024_demo/src/examples/takeoff_and_land.cpp:1[m[K:
[11.198s] [01m[K/home/vinicius/frtl_2024_ws/src/frtl_2024/frtl_2024_demo/include/demo/takeoff_state.hpp:[m[K In member function ‘[01m[Kvirtual void TakeoffState::on_enter(fsm::Blackboard&)[m[K’:
[11.198s] [01m[K/home/vinicius/frtl_2024_ws/src/frtl_2024/frtl_2024_demo/include/demo/takeoff_state.hpp:24:25:[m[K [01;35m[Kwarning: [m[Kvariable ‘[01m[Kori[m[K’ set but not used [[01;35m[K]8;;https://gcc.gnu.org/onlinedocs/gcc/Warning-Options.html#index-Wunused-but-set-variable-Wunused-but-set-variable]8;;[m[K]
[11.198s]    24 |         Eigen::Vector3d [01;35m[Kori[m[K = drone->getOrientation();
[11.198s]       |                         [01;35m[K^~~[m[K
[11.261s] In file included from [01m[K/home/vinicius/frtl_2024_ws/src/frtl_2024/frtl_2024_demo/src/examples/circle.cpp:1[m[K:
[11.262s] [01m[K/home/vinicius/frtl_2024_ws/src/frtl_2024/frtl_2024_demo/include/demo/takeoff_state.hpp:[m[K In member function ‘[01m[Kvirtual void TakeoffState::on_enter(fsm::Blackboard&)[m[K’:
[11.262s] [01m[K/home/vinicius/frtl_2024_ws/src/frtl_2024/frtl_2024_demo/include/demo/takeoff_state.hpp:24:25:[m[K [01;35m[Kwarning: [m[Kvariable ‘[01m[Kori[m[K’ set but not used [[01;35m[K]8;;https://gcc.gnu.org/onlinedocs/gcc/Warning-Options.html#index-Wunused-but-set-variable-Wunused-but-set-variable]8;;[m[K]
[11.262s]    24 |         Eigen::Vector3d [01;35m[Kori[m[K = drone->getOrientation();
[11.262s]       |                         [01;35m[K^~~[m[K
[12.982s] [ 75%] [32m[1mLinking CXX executable takeoff_and_land[0m
[13.103s] [100%] [32m[1mLinking CXX executable circle[0m
[14.803s] [100%] Built target circle
[14.806s] [100%] Built target takeoff_and_land
[14.826s] Invoked command in '/home/vinicius/frtl_2024_ws/src/frtl_2024/frtl_2024_demo/build/frtl_2024_demo' returned '0': CMAKE_PREFIX_PATH=${CMAKE_PREFIX_PATH}:/home/vinicius/frtl_2024_ws/install/simulation_python_helpers:/opt/ros/humble /usr/bin/cmake --build /home/vinicius/frtl_2024_ws/src/frtl_2024/frtl_2024_demo/build/frtl_2024_demo -- -j8 -l8
[14.896s] Invoking command in '/home/vinicius/frtl_2024_ws/src/frtl_2024/frtl_2024_demo/build/frtl_2024_demo': CMAKE_PREFIX_PATH=${CMAKE_PREFIX_PATH}:/home/vinicius/frtl_2024_ws/install/simulation_python_helpers:/opt/ros/humble /usr/bin/cmake --install /home/vinicius/frtl_2024_ws/src/frtl_2024/frtl_2024_demo/build/frtl_2024_demo
[14.907s] -- Install configuration: ""
[14.908s] -- Installing: /home/vinicius/frtl_2024_ws/src/frtl_2024/frtl_2024_demo/install/frtl_2024_demo/lib/frtl_2024_demo/takeoff_and_land
[14.910s] -- Set runtime path of "/home/vinicius/frtl_2024_ws/src/frtl_2024/frtl_2024_demo/install/frtl_2024_demo/lib/frtl_2024_demo/takeoff_and_land" to ""
[14.910s] -- Installing: /home/vinicius/frtl_2024_ws/src/frtl_2024/frtl_2024_demo/install/frtl_2024_demo/lib/frtl_2024_demo/circle
[14.912s] -- Set runtime path of "/home/vinicius/frtl_2024_ws/src/frtl_2024/frtl_2024_demo/install/frtl_2024_demo/lib/frtl_2024_demo/circle" to ""
[14.913s] -- Installing: /home/vinicius/frtl_2024_ws/src/frtl_2024/frtl_2024_demo/install/frtl_2024_demo/share/ament_index/resource_index/package_run_dependencies/frtl_2024_demo
[14.914s] -- Installing: /home/vinicius/frtl_2024_ws/src/frtl_2024/frtl_2024_demo/install/frtl_2024_demo/share/ament_index/resource_index/parent_prefix_path/frtl_2024_demo
[14.914s] -- Installing: /home/vinicius/frtl_2024_ws/src/frtl_2024/frtl_2024_demo/install/frtl_2024_demo/share/frtl_2024_demo/environment/ament_prefix_path.sh
[14.915s] -- Installing: /home/vinicius/frtl_2024_ws/src/frtl_2024/frtl_2024_demo/install/frtl_2024_demo/share/frtl_2024_demo/environment/ament_prefix_path.dsv
[14.915s] -- Installing: /home/vinicius/frtl_2024_ws/src/frtl_2024/frtl_2024_demo/install/frtl_2024_demo/share/frtl_2024_demo/environment/path.sh
[14.915s] -- Installing: /home/vinicius/frtl_2024_ws/src/frtl_2024/frtl_2024_demo/install/frtl_2024_demo/share/frtl_2024_demo/environment/path.dsv
[14.915s] -- Installing: /home/vinicius/frtl_2024_ws/src/frtl_2024/frtl_2024_demo/install/frtl_2024_demo/share/frtl_2024_demo/local_setup.bash
[14.916s] -- Installing: /home/vinicius/frtl_2024_ws/src/frtl_2024/frtl_2024_demo/install/frtl_2024_demo/share/frtl_2024_demo/local_setup.sh
[14.916s] -- Installing: /home/vinicius/frtl_2024_ws/src/frtl_2024/frtl_2024_demo/install/frtl_2024_demo/share/frtl_2024_demo/local_setup.zsh
[14.916s] -- Installing: /home/vinicius/frtl_2024_ws/src/frtl_2024/frtl_2024_demo/install/frtl_2024_demo/share/frtl_2024_demo/local_setup.dsv
[14.916s] -- Installing: /home/vinicius/frtl_2024_ws/src/frtl_2024/frtl_2024_demo/install/frtl_2024_demo/share/frtl_2024_demo/package.dsv
[14.917s] -- Installing: /home/vinicius/frtl_2024_ws/src/frtl_2024/frtl_2024_demo/install/frtl_2024_demo/share/ament_index/resource_index/packages/frtl_2024_demo
[14.917s] -- Installing: /home/vinicius/frtl_2024_ws/src/frtl_2024/frtl_2024_demo/install/frtl_2024_demo/share/frtl_2024_demo/cmake/frtl_2024_demoConfig.cmake
[14.918s] -- Installing: /home/vinicius/frtl_2024_ws/src/frtl_2024/frtl_2024_demo/install/frtl_2024_demo/share/frtl_2024_demo/cmake/frtl_2024_demoConfig-version.cmake
[14.918s] -- Installing: /home/vinicius/frtl_2024_ws/src/frtl_2024/frtl_2024_demo/install/frtl_2024_demo/share/frtl_2024_demo/package.xml
[14.921s] Invoked command in '/home/vinicius/frtl_2024_ws/src/frtl_2024/frtl_2024_demo/build/frtl_2024_demo' returned '0': CMAKE_PREFIX_PATH=${CMAKE_PREFIX_PATH}:/home/vinicius/frtl_2024_ws/install/simulation_python_helpers:/opt/ros/humble /usr/bin/cmake --install /home/vinicius/frtl_2024_ws/src/frtl_2024/frtl_2024_demo/build/frtl_2024_demo
